$ next dev --turbopack
   ▲ Next.js 15.5.2 (Turbopack)
   - Local:        http://localhost:3000
   - Network:      http://169.254.0.21:3000

 ✓ Starting...
 ✓ Ready in 2.9s
 ○ Compiling / ...
 ✓ Compiled / in 21s
 ⨯ ./app/page.tsx:6:1
Export Mosque doesn't exist in target module
[0m [90m 4 |[39m [36mimport[39m { [33mCard[39m[33m,[39m [33mCardContent[39m[33m,[39m [33mCardHeader[39m[33m,[39m [33mCardTitle[39m } [36mfrom[39m [32m'@/components/ui/card'[39m
 [90m 5 |[39m [36mimport[39m { [33mButton[39m } [36mfrom[39m [32m'@/components/ui/button'[39m
[31m[1m>[22m[39m[90m 6 |[39m [36mimport[39m { [33mBookOpen[39m[33m,[39m [33mHeart[39m[33m,[39m [33mMosque[39m[33m,[39m [33mStar[39m[33m,[39m [33mVolume2[39m[33m,[39m [33mArrowLeft[39m } [36mfrom[39m [32m'lucide-react'[39m
 [90m   |[39m [31m[1m^[22m[39m[31m[1m^[22m[39m[31m[1m^[22m[39m[31m[1m^[22m[39m[31m[1m^[22m[39m[31m[1m^[22m[39m[31m[1m^[22m[39m[31m[1m^[22m[39m[31m[1m^[22m[39m[31m[1m^[22m[39m[31m[1m^[22m[39m[31m[1m^[22m[39m[31m[1m^[22m[39m[31m[1m^[22m[39m[31m[1m^[22m[39m[31m[1m^[22m[39m[31m[1m^[22m[39m[31m[1m^[22m[39m[31m[1m^[22m[39m[31m[1m^[22m[39m[31m[1m^[22m[39m[31m[1m^[22m[39m[31m[1m^[22m[39m[31m[1m^[22m[39m[31m[1m^[22m[39m[31m[1m^[22m[39m[31m[1m^[22m[39m[31m[1m^[22m[39m[31m[1m^[22m[39m[31m[1m^[22m[39m[31m[1m^[22m[39m[31m[1m^[22m[39m[31m[1m^[22m[39m[31m[1m^[22m[39m[31m[1m^[22m[39m[31m[1m^[22m[39m[31m[1m^[22m[39m[31m[1m^[22m[39m[31m[1m^[22m[39m[31m[1m^[22m[39m[31m[1m^[22m[39m[31m[1m^[22m[39m[31m[1m^[22m[39m[31m[1m^[22m[39m[31m[1m^[22m[39m[31m[1m^[22m[39m[31m[1m^[22m[39m[31m[1m^[22m[39m[31m[1m^[22m[39m[31m[1m^[22m[39m[31m[1m^[22m[39m[31m[1m^[22m[39m[31m[1m^[22m[39m[31m[1m^[22m[39m[31m[1m^[22m[39m[31m[1m^[22m[39m[31m[1m^[22m[39m[31m[1m^[22m[39m[31m[1m^[22m[39m[31m[1m^[22m[39m[31m[1m^[22m[39m[31m[1m^[22m[39m[31m[1m^[22m[39m[31m[1m^[22m[39m[31m[1m^[22m[39m[31m[1m^[22m[39m[31m[1m^[22m[39m[31m[1m^[22m[39m[31m[1m^[22m[39m[31m[1m^[22m[39m[31m[1m^[22m[39m[31m[1m^[22m[39m[31m[1m^[22m[39m[31m[1m^[22m[39m[31m[1m^[22m[39m[31m[1m^[22m[39m[31m[1m^[22m[39m[31m[1m^[22m[39m[31m[1m^[22m[39m[31m[1m^[22m[39m
 [90m 7 |[39m
 [90m 8 |[39m [36minterface[39m [33mSurah[39m {
 [90m 9 |[39m   name[33m:[39m string[0m

The export Mosque was not found in module [project]/node_modules/lucide-react/dist/esm/lucide-react.js [app-client] (ecmascript).
Did you mean to import Mouse?
All exports of the module are statically known (It doesn't have dynamic exports). So it's known statically that the requested export doesn't exist.

Import traces:
  Client Component Browser:
    ./app/page.tsx [Client Component Browser]
    ./app/page.tsx [Server Component]

  Client Component SSR:
    ./app/page.tsx [Client Component SSR]
    ./app/page.tsx [Server Component]



./app/page.tsx:6:1
Export Mosque doesn't exist in target module
[0m [90m 4 |[39m [36mimport[39m { [33mCard[39m[33m,[39m [33mCardContent[39m[33m,[39m [33mCardHeader[39m[33m,[39m [33mCardTitle[39m } [36mfrom[39m [32m'@/components/ui/card'[39m
 [90m 5 |[39m [36mimport[39m { [33mButton[39m } [36mfrom[39m [32m'@/components/ui/button'[39m
[31m[1m>[22m[39m[90m 6 |[39m [36mimport[39m { [33mBookOpen[39m[33m,[39m [33mHeart[39m[33m,[39m [33mMosque[39m[33m,[39m [33mStar[39m[33m,[39m [33mVolume2[39m[33m,[39m [33mArrowLeft[39m } [36mfrom[39m [32m'lucide-react'[39m
 [90m   |[39m [31m[1m^[22m[39m[31m[1m^[22m[39m[31m[1m^[22m[39m[31m[1m^[22m[39m[31m[1m^[22m[39m[31m[1m^[22m[39m[31m[1m^[22m[39m[31m[1m^[22m[39m[31m[1m^[22m[39m[31m[1m^[22m[39m[31m[1m^[22m[39m[31m[1m^[22m[39m[31m[1m^[22m[39m[31m[1m^[22m[39m[31m[1m^[22m[39m[31m[1m^[22m[39m[31m[1m^[22m[39m[31m[1m^[22m[39m[31m[1m^[22m[39m[31m[1m^[22m[39m[31m[1m^[22m[39m[31m[1m^[22m[39m[31m[1m^[22m[39m[31m[1m^[22m[39m[31m[1m^[22m[39m[31m[1m^[22m[39m[31m[1m^[22m[39m[31m[1m^[22m[39m[31m[1m^[22m[39m[31m[1m^[22m[39m[31m[1m^[22m[39m[31m[1m^[22m[39m[31m[1m^[22m[39m[31m[1m^[22m[39m[31m[1m^[22m[39m[31m[1m^[22m[39m[31m[1m^[22m[39m[31m[1m^[22m[39m[31m[1m^[22m[39m[31m[1m^[22m[39m[31m[1m^[22m[39m[31m[1m^[22m[39m[31m[1m^[22m[39m[31m[1m^[22m[39m[31m[1m^[22m[39m[31m[1m^[22m[39m[31m[1m^[22m[39m[31m[1m^[22m[39m[31m[1m^[22m[39m[31m[1m^[22m[39m[31m[1m^[22m[39m[31m[1m^[22m[39m[31m[1m^[22m[39m[31m[1m^[22m[39m[31m[1m^[22m[39m[31m[1m^[22m[39m[31m[1m^[22m[39m[31m[1m^[22m[39m[31m[1m^[22m[39m[31m[1m^[22m[39m[31m[1m^[22m[39m[31m[1m^[22m[39m[31m[1m^[22m[39m[31m[1m^[22m[39m[31m[1m^[22m[39m[31m[1m^[22m[39m[31m[1m^[22m[39m[31m[1m^[22m[39m[31m[1m^[22m[39m[31m[1m^[22m[39m[31m[1m^[22m[39m[31m[1m^[22m[39m[31m[1m^[22m[39m[31m[1m^[22m[39m[31m[1m^[22m[39m[31m[1m^[22m[39m[31m[1m^[22m[39m[31m[1m^[22m[39m[31m[1m^[22m[39m[31m[1m^[22m[39m
 [90m 7 |[39m
 [90m 8 |[39m [36minterface[39m [33mSurah[39m {
 [90m 9 |[39m   name[33m:[39m string[0m

The export Mosque was not found in module [project]/node_modules/lucide-react/dist/esm/lucide-react.js [app-ssr] (ecmascript).
Did you mean to import Mouse?
All exports of the module are statically known (It doesn't have dynamic exports). So it's known statically that the requested export doesn't exist.

Import traces:
  Client Component Browser:
    ./app/page.tsx [Client Component Browser]
    ./app/page.tsx [Server Component]

  Client Component SSR:
    ./app/page.tsx [Client Component SSR]
    ./app/page.tsx [Server Component]


 ○ Compiling /_error ...
 ✓ Compiled /_error in 3.7s
 GET / 500 in 25070ms
 ✓ Compiled /favicon.ico in 451ms
 GET /favicon.ico 500 in 487ms
Error: Cannot apply unknown utility class `border-border`
    [2m[at onInvalidCandidate (/home/code/madrasa-app/node_modules/tailwindcss/dist/lib.js:18:1529)][0m
    [2m[at ge (/home/code/madrasa-app/node_modules/tailwindcss/dist/lib.js:13:29871)][0m
    [2m[at /home/code/madrasa-app/node_modules/tailwindcss/dist/lib.js:18:373][0m
    [2m[at L (/home/code/madrasa-app/node_modules/tailwindcss/dist/lib.js:3:1656)][0m
    [2m[at je (/home/code/madrasa-app/node_modules/tailwindcss/dist/lib.js:18:172)][0m
    [2m[at yi (/home/code/madrasa-app/node_modules/tailwindcss/dist/lib.js:35:780)][0m
    [2m[at async bi (/home/code/madrasa-app/node_modules/tailwindcss/dist/lib.js:35:1123)][0m
    [2m[at async _r (/home/code/madrasa-app/node_modules/@tailwindcss/node/dist/index.js:10:3384)][0m
    [2m[at async W (/home/code/madrasa-app/node_modules/@tailwindcss/postcss/dist/index.js:10:4048)][0m
    [2m[at async Object.Once (/home/code/madrasa-app/node_modules/@tailwindcss/postcss/dist/index.js:10:4898)][0m
Error: Cannot apply unknown utility class `border-border`
    [2m[at onInvalidCandidate (/home/code/madrasa-app/node_modules/tailwindcss/dist/lib.js:18:1529)][0m
    [2m[at ge (/home/code/madrasa-app/node_modules/tailwindcss/dist/lib.js:13:29871)][0m
    [2m[at /home/code/madrasa-app/node_modules/tailwindcss/dist/lib.js:18:373][0m
    [2m[at L (/home/code/madrasa-app/node_modules/tailwindcss/dist/lib.js:3:1656)][0m
    [2m[at je (/home/code/madrasa-app/node_modules/tailwindcss/dist/lib.js:18:172)][0m
    [2m[at yi (/home/code/madrasa-app/node_modules/tailwindcss/dist/lib.js:35:780)][0m
    [2m[at async bi (/home/code/madrasa-app/node_modules/tailwindcss/dist/lib.js:35:1123)][0m
    [2m[at async _r (/home/code/madrasa-app/node_modules/@tailwindcss/node/dist/index.js:10:3384)][0m
    [2m[at async W (/home/code/madrasa-app/node_modules/@tailwindcss/postcss/dist/index.js:10:4048)][0m
    [2m[at async Object.Once (/home/code/madrasa-app/node_modules/@tailwindcss/postcss/dist/index.js:10:4318)][0m
 ⨯ ./app/page.tsx:6:1
Export Mosque doesn't exist in target module
[0m [90m 4 |[39m [36mimport[39m { [33mCard[39m[33m,[39m [33mCardContent[39m[33m,[39m [33mCardHeader[39m[33m,[39m [33mCardTitle[39m } [36mfrom[39m [32m'@/components/ui/card'[39m
 [90m 5 |[39m [36mimport[39m { [33mButton[39m } [36mfrom[39m [32m'@/components/ui/button'[39m
[31m[1m>[22m[39m[90m 6 |[39m [36mimport[39m { [33mBookOpen[39m[33m,[39m [33mHeart[39m[33m,[39m [33mMosque[39m[33m,[39m [33mStar[39m[33m,[39m [33mVolume2[39m[33m,[39m [33mArrowLeft[39m } [36mfrom[39m [32m'lucide-react'[39m
 [90m   |[39m [31m[1m^[22m[39m[31m[1m^[22m[39m[31m[1m^[22m[39m[31m[1m^[22m[39m[31m[1m^[22m[39m[31m[1m^[22m[39m[31m[1m^[22m[39m[31m[1m^[22m[39m[31m[1m^[22m[39m[31m[1m^[22m[39m[31m[1m^[22m[39m[31m[1m^[22m[39m[31m[1m^[22m[39m[31m[1m^[22m[39m[31m[1m^[22m[39m[31m[1m^[22m[39m[31m[1m^[22m[39m[31m[1m^[22m[39m[31m[1m^[22m[39m[31m[1m^[22m[39m[31m[1m^[22m[39m[31m[1m^[22m[39m[31m[1m^[22m[39m[31m[1m^[22m[39m[31m[1m^[22m[39m[31m[1m^[22m[39m[31m[1m^[22m[39m[31m[1m^[22m[39m[31m[1m^[22m[39m[31m[1m^[22m[39m[31m[1m^[22m[39m[31m[1m^[22m[39m[31m[1m^[22m[39m[31m[1m^[22m[39m[31m[1m^[22m[39m[31m[1m^[22m[39m[31m[1m^[22m[39m[31m[1m^[22m[39m[31m[1m^[22m[39m[31m[1m^[22m[39m[31m[1m^[22m[39m[31m[1m^[22m[39m[31m[1m^[22m[39m[31m[1m^[22m[39m[31m[1m^[22m[39m[31m[1m^[22m[39m[31m[1m^[22m[39m[31m[1m^[22m[39m[31m[1m^[22m[39m[31m[1m^[22m[39m[31m[1m^[22m[39m[31m[1m^[22m[39m[31m[1m^[22m[39m[31m[1m^[22m[39m[31m[1m^[22m[39m[31m[1m^[22m[39m[31m[1m^[22m[39m[31m[1m^[22m[39m[31m[1m^[22m[39m[31m[1m^[22m[39m[31m[1m^[22m[39m[31m[1m^[22m[39m[31m[1m^[22m[39m[31m[1m^[22m[39m[31m[1m^[22m[39m[31m[1m^[22m[39m[31m[1m^[22m[39m[31m[1m^[22m[39m[31m[1m^[22m[39m[31m[1m^[22m[39m[31m[1m^[22m[39m[31m[1m^[22m[39m[31m[1m^[22m[39m[31m[1m^[22m[39m[31m[1m^[22m[39m[31m[1m^[22m[39m[31m[1m^[22m[39m[31m[1m^[22m[39m[31m[1m^[22m[39m[31m[1m^[22m[39m
 [90m 7 |[39m
 [90m 8 |[39m [36minterface[39m [33mSurah[39m {
 [90m 9 |[39m   name[33m:[39m string[0m

The export Mosque was not found in module [project]/node_modules/lucide-react/dist/esm/lucide-react.js [app-client] (ecmascript).
Did you mean to import Mouse?
All exports of the module are statically known (It doesn't have dynamic exports). So it's known statically that the requested export doesn't exist.

Import traces:
  Client Component Browser:
    ./app/page.tsx [Client Component Browser]
    ./app/page.tsx [Server Component]

  Client Component SSR:
    ./app/page.tsx [Client Component SSR]
    ./app/page.tsx [Server Component]



./app/page.tsx:6:1
Export Mosque doesn't exist in target module
[0m [90m 4 |[39m [36mimport[39m { [33mCard[39m[33m,[39m [33mCardContent[39m[33m,[39m [33mCardHeader[39m[33m,[39m [33mCardTitle[39m } [36mfrom[39m [32m'@/components/ui/card'[39m
 [90m 5 |[39m [36mimport[39m { [33mButton[39m } [36mfrom[39m [32m'@/components/ui/button'[39m
[31m[1m>[22m[39m[90m 6 |[39m [36mimport[39m { [33mBookOpen[39m[33m,[39m [33mHeart[39m[33m,[39m [33mMosque[39m[33m,[39m [33mStar[39m[33m,[39m [33mVolume2[39m[33m,[39m [33mArrowLeft[39m } [36mfrom[39m [32m'lucide-react'[39m
 [90m   |[39m [31m[1m^[22m[39m[31m[1m^[22m[39m[31m[1m^[22m[39m[31m[1m^[22m[39m[31m[1m^[22m[39m[31m[1m^[22m[39m[31m[1m^[22m[39m[31m[1m^[22m[39m[31m[1m^[22m[39m[31m[1m^[22m[39m[31m[1m^[22m[39m[31m[1m^[22m[39m[31m[1m^[22m[39m[31m[1m^[22m[39m[31m[1m^[22m[39m[31m[1m^[22m[39m[31m[1m^[22m[39m[31m[1m^[22m[39m[31m[1m^[22m[39m[31m[1m^[22m[39m[31m[1m^[22m[39m[31m[1m^[22m[39m[31m[1m^[22m[39m[31m[1m^[22m[39m[31m[1m^[22m[39m[31m[1m^[22m[39m[31m[1m^[22m[39m[31m[1m^[22m[39m[31m[1m^[22m[39m[31m[1m^[22m[39m[31m[1m^[22m[39m[31m[1m^[22m[39m[31m[1m^[22m[39m[31m[1m^[22m[39m[31m[1m^[22m[39m[31m[1m^[22m[39m[31m[1m^[22m[39m[31m[1m^[22m[39m[31m[1m^[22m[39m[31m[1m^[22m[39m[31m[1m^[22m[39m[31m[1m^[22m[39m[31m[1m^[22m[39m[31m[1m^[22m[39m[31m[1m^[22m[39m[31m[1m^[22m[39m[31m[1m^[22m[39m[31m[1m^[22m[39m[31m[1m^[22m[39m[31m[1m^[22m[39m[31m[1m^[22m[39m[31m[1m^[22m[39m[31m[1m^[22m[39m[31m[1m^[22m[39m[31m[1m^[22m[39m[31m[1m^[22m[39m[31m[1m^[22m[39m[31m[1m^[22m[39m[31m[1m^[22m[39m[31m[1m^[22m[39m[31m[1m^[22m[39m[31m[1m^[22m[39m[31m[1m^[22m[39m[31m[1m^[22m[39m[31m[1m^[22m[39m[31m[1m^[22m[39m[31m[1m^[22m[39m[31m[1m^[22m[39m[31m[1m^[22m[39m[31m[1m^[22m[39m[31m[1m^[22m[39m[31m[1m^[22m[39m[31m[1m^[22m[39m[31m[1m^[22m[39m[31m[1m^[22m[39m[31m[1m^[22m[39m[31m[1m^[22m[39m[31m[1m^[22m[39m[31m[1m^[22m[39m[31m[1m^[22m[39m
 [90m 7 |[39m
 [90m 8 |[39m [36minterface[39m [33mSurah[39m {
 [90m 9 |[39m   name[33m:[39m string[0m

The export Mosque was not found in module [project]/node_modules/lucide-react/dist/esm/lucide-react.js [app-ssr] (ecmascript).
Did you mean to import Mouse?
All exports of the module are statically known (It doesn't have dynamic exports). So it's known statically that the requested export doesn't exist.

Import traces:
  Client Component Browser:
    ./app/page.tsx [Client Component Browser]
    ./app/page.tsx [Server Component]

  Client Component SSR:
    ./app/page.tsx [Client Component SSR]
    ./app/page.tsx [Server Component]


 GET / 500 in 96ms
 GET /favicon.ico 500 in 48ms
 ✓ Compiled / in 21ms
 ⨯ ReferenceError: Mosque is not defined
    at renderHome (app/page.tsx:137:14)
    at MadrasaApp (app/page.tsx:361:14)
  135 |         <div className="text-center mt-8">
  136 |           <div className="flex justify-center items-center space-x-2 text-green-600">
> 137 |             <Mosque className="w-6 h-6" />
      |              ^
  138 |             <span className="text-lg">May Allah bless your learning journey</span>
  139 |             <Star className="w-6 h-6" />
  140 |           </div> {
  digest: '3079275902'
}
 GET / 500 in 830ms
 GET /favicon.ico?favicon.bf3c9292.ico 200 in 530ms
 GET /favicon.ico 200 in 533ms
 ⚠ Fast Refresh had to perform a full reload due to a runtime error.
 ✓ Compiled in 74ms
 GET / 200 in 382ms
 GET /favicon.ico?favicon.bf3c9292.ico 200 in 303ms
 GET / 200 in 179ms
 GET /favicon.ico?favicon.bf3c9292.ico 200 in 283ms
 ✓ Compiled in 141ms
 GET / 200 in 389ms
 GET /favicon.ico?favicon.bf3c9292.ico 200 in 330ms
 GET / 200 in 146ms
 GET / 200 in 155ms
 ✓ Compiled in 161ms
 ✓ Compiled in 402ms
 ✓ Compiled / in 51ms
 ⨯ [Error: ENOENT: no such file or directory, open '/home/code/madrasa-app/.next/static/development/_buildManifest.js.tmp.6kwk2o4znh9'] {
  errno: -2,
  code: 'ENOENT',
  syscall: 'open',
  path: '/home/code/madrasa-app/.next/static/development/_buildManifest.js.tmp.6kwk2o4znh9'
}
 ⨯ [Error: ENOENT: no such file or directory, open '/home/code/madrasa-app/.next/static/development/_buildManifest.js.tmp.h17z2pnkraa'] {
  errno: -2,
  code: 'ENOENT',
  syscall: 'open',
  path: '/home/code/madrasa-app/.next/static/development/_buildManifest.js.tmp.h17z2pnkraa'
}
 ⨯ [Error: ENOENT: no such file or directory, open '/home/code/madrasa-app/.next/static/development/_buildManifest.js.tmp.h4xybwqycqp'] {
  errno: -2,
  code: 'ENOENT',
  syscall: 'open',
  path: '/home/code/madrasa-app/.next/static/development/_buildManifest.js.tmp.h4xybwqycqp'
}
 ⨯ [Error: ENOENT: no such file or directory, open '/home/code/madrasa-app/.next/static/development/_buildManifest.js.tmp.2ykvq7odzxg'] {
  errno: -2,
  code: 'ENOENT',
  syscall: 'open',
  path: '/home/code/madrasa-app/.next/static/development/_buildManifest.js.tmp.2ykvq7odzxg'
}
[Error: ENOENT: no such file or directory, open '/home/code/madrasa-app/.next/static/development/_buildManifest.js.tmp.6kwk2o4znh9'] {
  errno: -2,
  code: 'ENOENT',
  syscall: 'open',
  path: '/home/code/madrasa-app/.next/static/development/_buildManifest.js.tmp.6kwk2o4znh9'
}
[Error: ENOENT: no such file or directory, open '/home/code/madrasa-app/.next/static/development/_buildManifest.js.tmp.h17z2pnkraa'] {
  errno: -2,
  code: 'ENOENT',
  syscall: 'open',
  path: '/home/code/madrasa-app/.next/static/development/_buildManifest.js.tmp.h17z2pnkraa'
}
 ⨯ [Error: ENOENT: no such file or directory, open '/home/code/madrasa-app/.next/static/development/_buildManifest.js.tmp.zxoax7vvf7p'] {
  errno: -2,
  code: 'ENOENT',
  syscall: 'open',
  path: '/home/code/madrasa-app/.next/static/development/_buildManifest.js.tmp.zxoax7vvf7p'
}
 ⨯ [Error: ENOENT: no such file or directory, open '/home/code/madrasa-app/.next/static/development/_buildManifest.js.tmp.aos4vfrc3ik'] {
  errno: -2,
  code: 'ENOENT',
  syscall: 'open',
  path: '/home/code/madrasa-app/.next/static/development/_buildManifest.js.tmp.aos4vfrc3ik'
}
[Error: ENOENT: no such file or directory, open '/home/code/madrasa-app/.next/static/development/_buildManifest.js.tmp.jazktqne55'] {
  errno: -2,
  code: 'ENOENT',
  syscall: 'open',
  path: '/home/code/madrasa-app/.next/static/development/_buildManifest.js.tmp.jazktqne55'
}
[Error: ENOENT: no such file or directory, open '/home/code/madrasa-app/.next/static/development/_buildManifest.js.tmp.vkl0bl2ck1'] {
  errno: -2,
  code: 'ENOENT',
  syscall: 'open',
  path: '/home/code/madrasa-app/.next/static/development/_buildManifest.js.tmp.vkl0bl2ck1'
}
 ⨯ [Error: ENOENT: no such file or directory, open '/home/code/madrasa-app/.next/static/development/_buildManifest.js.tmp.okdqt2nw63'] {
  errno: -2,
  code: 'ENOENT',
  syscall: 'open',
  path: '/home/code/madrasa-app/.next/static/development/_buildManifest.js.tmp.okdqt2nw63'
}
 ⨯ [Error: ENOENT: no such file or directory, open '/home/code/madrasa-app/.next/static/development/_buildManifest.js.tmp.ubm5497lw9'] {
  errno: -2,
  code: 'ENOENT',
  syscall: 'open',
  path: '/home/code/madrasa-app/.next/static/development/_buildManifest.js.tmp.ubm5497lw9'
}
[Error: ENOENT: no such file or directory, open '/home/code/madrasa-app/.next/static/development/_buildManifest.js.tmp.okdqt2nw63'] {
  errno: -2,
  code: 'ENOENT',
  syscall: 'open',
  path: '/home/code/madrasa-app/.next/static/development/_buildManifest.js.tmp.okdqt2nw63'
}
 ⨯ [Error: ENOENT: no such file or directory, open '/home/code/madrasa-app/.next/static/development/_buildManifest.js.tmp.2q7hx0scz44'] {
  errno: -2,
  code: 'ENOENT',
  syscall: 'open',
  path: '/home/code/madrasa-app/.next/static/development/_buildManifest.js.tmp.2q7hx0scz44'
}
[Error: ENOENT: no such file or directory, open '/home/code/madrasa-app/.next/static/development/_buildManifest.js.tmp.ry2hz4o1hb'] {
  errno: -2,
  code: 'ENOENT',
  syscall: 'open',
  path: '/home/code/madrasa-app/.next/static/development/_buildManifest.js.tmp.ry2hz4o1hb'
}
 ⨯ [Error: ENOENT: no such file or directory, open '/home/code/madrasa-app/.next/static/development/_buildManifest.js.tmp.57hz15sb3j'] {
  errno: -2,
  code: 'ENOENT',
  syscall: 'open',
  path: '/home/code/madrasa-app/.next/static/development/_buildManifest.js.tmp.57hz15sb3j'
}
 ⚠ Found a change in next.config.js. Restarting the server to apply the changes...
   ▲ Next.js 15.5.2 (Turbopack)
   - Local:        http://localhost:3000
   - Network:      http://169.254.0.21:3000

 ✓ Starting...
 ✓ Ready in 2.6s
